Input fastp JSON folder:
/mnt/dv/wid/projects6/SolisLemus-Intbio-raw/processed-data/august2025/symbiosis_sorted/fastp_logs_ryan_full

QC output folder:
/mnt/dv/wid/projects6/SolisLemus-Intbio-raw/processed-data/august2025/symbiosis_sorted/trimmed_fastp_QC_checking

fastp JSON files found: 1116
Wrote summary table: /mnt/dv/wid/projects6/SolisLemus-Intbio-raw/processed-data/august2025/symbiosis_sorted/trimmed_fastp_QC_checking/fastp_logs_ryan_full_summary.tsv
Wrote QC figure: /mnt/dv/wid/projects6/SolisLemus-Intbio-raw/processed-data/august2025/symbiosis_sorted/trimmed_fastp_QC_checking/fastp_quality_before_after_and_retention.svg

===== QC summary =====
samples: 1116
mean_reads_retained_percent: 95.8408
mean_before_q20_rate: 0.987274
mean_after_q20_rate: 0.996453
mean_before_q30_rate: 0.953943
mean_after_q30_rate: 0.974923

First 10 rows:
sample             before_total_reads  after_total_reads  reads_retained_percent  before_q20_rate  after_q20_rate  before_q30_rate  after_q30_rate  before_gc_content  after_gc_content
BLAN-1-1-No        3264416             3138222            96.13                   0.9881           0.9967          0.9559           0.9761          0.5837             0.5820
BLAN-1-1-Rh        464030              446042             96.12                   0.9885           0.9968          0.9565           0.9763          0.5958             0.5944
BLAN-1-1-Ro        70498               67466              95.70                   0.9841           0.9959          0.9473           0.9735          0.6043             0.6025
BLAN-2-1-No        5767514             5556418            96.34                   0.9847           0.9960          0.9503           0.9747          0.5860             0.5843
BLAN-2-1-Rh        383834              371430             96.77                   0.9846           0.9955          0.9483           0.9721          0.6323             0.6316
BLAN-2-1-Ro        350196              336668             96.14                   0.9707           0.9926          0.9219           0.9654          0.5793             0.5750
BLAN-3-1-No        14211670            13755942           96.79                   0.9883           0.9968          0.9577           0.9776          0.5678             0.5670
BLAN-3-1-Rh        122466              117306             95.79                   0.9875           0.9964          0.9532           0.9742          0.6338             0.6323
BLAN-3-1-Ro        1828702             1774438            97.03                   0.9879           0.9966          0.9570           0.9770          0.5664             0.5658

Done.
QC outputs saved in:
/mnt/dv/wid/projects6/SolisLemus-Intbio-raw/processed-data/august2025/symbiosis_sorted/trimmed_fastp_QC_checking
